TN:
SF:Connector.js
FNF:5
FNH:5
DA:1,42
DA:15,25
DA:16,12
DA:17,9
DA:18,14
DA:19,11
DA:20,19
DA:21,14
DA:22,13
DA:23,3
DA:24,38
DA:25,14
DA:26,11
DA:27,16
DA:28,34
DA:29,21
DA:30,19
DA:31,16
DA:32,5
DA:34,59
DA:35,23
DA:36,51
DA:38,38
DA:39,72
DA:40,2
DA:42,12
DA:43,10
DA:44,30
DA:45,44
DA:46,31
DA:47,22
DA:48,6
DA:50,9
DA:51,27
DA:53,2
LF:35
LH:35
end_of_record
TN:
SF:MetaGuard.middleware.js
FNF:8
FNH:7
DA:1,61
DA:3,71
DA:15,51
DA:16,19
DA:17,50
DA:19,4
DA:20,44
DA:21,44
DA:22,7
DA:23,47
DA:24,78
DA:25,2
DA:26,4
DA:28,65
DA:29,47
DA:30,4
DA:32,18
DA:47,51
DA:48,12
DA:49,21
DA:51,22
DA:52,69
DA:55,0
DA:56,4
DA:59,21
DA:60,24
DA:61,36
DA:63,18
DA:66,1
LF:29
LH:28
end_of_record
TN:
SF:mixins/Base.mixin.js
FNF:3
FNH:3
DA:1,25
DA:2,29
DA:3,41
DA:5,41
DA:7,99
DA:9,50
DA:10,43
DA:12,26
DA:13,67
DA:14,11
DA:21,27
DA:22,20
DA:24,18
DA:26,8
DA:27,97
DA:29,58
DA:31,33
DA:32,36
DA:33,42
DA:34,27
DA:35,30
DA:36,35
DA:37,39
DA:38,8
DA:41,13
DA:45,10
DA:46,16
DA:48,4
DA:50,13
DA:54,10
DA:55,29
DA:57,2
DA:58,1
LF:33
LH:33
end_of_record
TN:
SF:util/Context.js
FNF:6
FNH:6
DA:1,63
DA:2,47
DA:9,14
DA:10,80
DA:11,47
DA:12,18
DA:22,22
DA:23,37
DA:24,25
DA:26,35
DA:27,64
DA:39,22
DA:40,38
DA:42,53
DA:44,50
DA:45,41
DA:46,76
DA:47,2
DA:48,2
DA:50,26
DA:59,15
DA:60,12
DA:61,22
DA:62,32
DA:63,20
DA:64,24
DA:65,30
DA:66,36
DA:67,2
DA:75,17
DA:76,45
DA:77,14
DA:87,17
DA:88,35
DA:90,91
DA:92,10
LF:36
LH:36
end_of_record
TN:
SF:util/Crypto.js
FNF:10
FNH:10
DA:1,157
DA:12,38
DA:14,48
DA:16,38
DA:23,14
DA:24,80
DA:35,43
DA:36,48
DA:37,88
DA:44,11
DA:45,67
DA:48,84
DA:49,87
DA:51,12
DA:52,43
DA:53,38
DA:54,2
DA:63,37
DA:64,51
DA:65,51
DA:66,72
DA:67,41
DA:68,41
DA:69,18
DA:70,15
DA:71,5
DA:73,52
DA:74,33
DA:84,50
DA:85,51
DA:86,53
DA:87,50
DA:88,64
DA:89,39
DA:90,41
DA:91,18
DA:92,14
DA:93,5
DA:95,51
DA:103,18
DA:104,47
DA:105,52
DA:106,40
DA:116,24
DA:117,49
DA:118,63
DA:119,52
DA:120,46
LF:48
LH:48
end_of_record
